<?xml version="1.0" encoding="UTF-8"?>
<!-- Generated by org.testng.reporters.JUnitXMLReporter -->
<testsuite ignored="0" hostname="MSI" failures="0" tests="4" name="Create Customer Test" time="5.082" errors="0" timestamp="05 May 2021 18:27:07 GMT">
  <testcase classname="com.APITestingFramework.testcases.CreateCustomerTest" name="ValidateCreateCustomerAPIWithInValidSecretKey" time="2.299"/>
  <testcase classname="com.APITestingFramework.testcases.CreateCustomerTest" name="ValidateCreateCustomerAPIWithValidSecretKey" time="1.027"/>
  <testcase classname="com.APITestingFramework.testcases.CreateCustomerTest" name="ValidateCreateCustomerAPIWithValidSecretKey" time="0.798"/>
  <testcase classname="com.APITestingFramework.testcases.CreateCustomerTest" name="ValidateCreateCustomerAPIWithValidSecretKey" time="0.811"/>
</testsuite> <!-- Create Customer Test -->
