<?xml version="1.0" encoding="UTF-8"?>
<testng-results skipped="0" failed="0" ignored="0" total="2" passed="2">
  <reporter-output>
  </reporter-output>
  <suite name="Default suite" duration-ms="8556" started-at="2021-05-07T18:11:29 IST" finished-at="2021-05-07T18:11:37 IST">
    <groups>
    </groups>
    <test name="Default test" duration-ms="8556" started-at="2021-05-07T18:11:29 IST" finished-at="2021-05-07T18:11:37 IST">
      <class name="com.APITestingFramework_Udemy.rough.TestPayPal">
        <test-method status="PASS" signature="getAuthKey()[pri:1, instance:com.APITestingFramework_Udemy.rough.TestPayPal@2f943d71]" name="getAuthKey" duration-ms="5702" started-at="2021-05-07T18:11:29 IST" finished-at="2021-05-07T18:11:34 IST">
          <reporter-output>
          </reporter-output>
        </test-method> <!-- getAuthKey -->
        <test-method status="PASS" signature="createOrder()[pri:2, instance:com.APITestingFramework_Udemy.rough.TestPayPal@2f943d71]" name="createOrder" duration-ms="2784" started-at="2021-05-07T18:11:34 IST" depends-on-methods="com.APITestingFramework_Udemy.rough.TestPayPal.getAuthKey" finished-at="2021-05-07T18:11:37 IST">
          <reporter-output>
          </reporter-output>
        </test-method> <!-- createOrder -->
      </class> <!-- com.APITestingFramework_Udemy.rough.TestPayPal -->
    </test> <!-- Default test -->
  </suite> <!-- Default suite -->
</testng-results>
