<?xml version="1.0" encoding="UTF-8"?>
<testng-results ignored="0" total="2" passed="2" failed="0" skipped="0">
  <reporter-output>
  </reporter-output>
  <suite started-at="2021-05-01T09:42:18Z" name="Default suite" finished-at="2021-05-01T09:42:21Z" duration-ms="3580">
    <groups>
    </groups>
    <test started-at="2021-05-01T09:42:18Z" name="Default test" finished-at="2021-05-01T09:42:21Z" duration-ms="3580">
      <class name="com.APITestingFramework.testcases.CreateCustomerTest">
        <test-method signature="ValidateCreateCustomerwithInValidSecretKey()[pri:0, instance:com.APITestingFramework.testcases.CreateCustomerTest@10d68fcd]" started-at="2021-05-01T15:12:18Z" name="ValidateCreateCustomerwithInValidSecretKey" finished-at="2021-05-01T15:12:21Z" duration-ms="2761" status="PASS">
          <reporter-output>
          </reporter-output>
        </test-method> <!-- ValidateCreateCustomerwithInValidSecretKey -->
        <test-method signature="ValidateCreateCustomerwithValidSecretKey()[pri:0, instance:com.APITestingFramework.testcases.CreateCustomerTest@10d68fcd]" started-at="2021-05-01T15:12:21Z" name="ValidateCreateCustomerwithValidSecretKey" finished-at="2021-05-01T15:12:21Z" duration-ms="793" status="PASS">
          <reporter-output>
          </reporter-output>
        </test-method> <!-- ValidateCreateCustomerwithValidSecretKey -->
      </class> <!-- com.APITestingFramework.testcases.CreateCustomerTest -->
    </test> <!-- Default test -->
  </suite> <!-- Default suite -->
</testng-results>
